
Found perl:
   /Users/pfb18/miniconda3/bin/perl
   This is perl 5, version 34, subversion 0 (v5.34.0) built for darwin-thread-multi-2level

Found java:
   /Users/pfb18/miniconda3/bin/java
   openjdk version "11.0.13" 2021-10-19

Found canu:
   /Users/pfb18/genomeAssembly/canu-2.2/bin/canu
   canu 2.2


Creating library 'ecoli_filtered_0.75' for PacBio raw reads.

               reads               bases
---------- --------- ------ ------------ ------
Loaded          9424  95.7%     87459672  99.7%  /Users/pfb18/genomeAssembly/ecoli_filtered_0.75.fastq
Short            419   4.3%       240019   0.3%


All reads processed.

               reads               bases
---------- --------- ------ ------------ ------
Loaded          9424  95.7%     87459672  99.7%
Short            419   4.3%       240019   0.3%


Bye.
